<?xml version="1.0" encoding="UTF-8"?>
<testng-results ignored="0" total="1" passed="1" failed="0" skipped="0">
  <reporter-output>
  </reporter-output>
  <suite started-at="2025-02-12T01:35:39 EST" name="Default suite" finished-at="2025-02-12T01:35:54 EST" duration-ms="15723">
    <groups>
    </groups>
    <test started-at="2025-02-12T01:35:39 EST" name="Default test" finished-at="2025-02-12T01:35:54 EST" duration-ms="15723">
      <class name="Module1_Login_Test.SwagLabLoginTest">
        <test-method is-config="true" signature="setup()[pri:0, instance:Module1_Login_Test.SwagLabLoginTest@33308786]" started-at="2025-02-12T01:35:39 EST" name="setup" finished-at="2025-02-12T01:35:39 EST" duration-ms="7" status="PASS">
          <reporter-output>
          </reporter-output>
        </test-method> <!-- setup -->
        <test-method is-config="true" signature="openBrowser()[pri:0, instance:Module1_Login_Test.SwagLabLoginTest@33308786]" started-at="2025-02-12T01:35:39 EST" name="openBrowser" finished-at="2025-02-12T01:35:48 EST" duration-ms="9653" status="PASS">
          <reporter-output>
          </reporter-output>
        </test-method> <!-- openBrowser -->
        <test-method signature="TestLogin()[pri:0, instance:Module1_Login_Test.SwagLabLoginTest@33308786]" started-at="2025-02-12T01:35:48 EST" name="TestLogin" finished-at="2025-02-12T01:35:51 EST" duration-ms="3105" status="PASS">
          <reporter-output>
          </reporter-output>
        </test-method> <!-- TestLogin -->
        <test-method is-config="true" signature="captureResults(org.testng.ITestResult)[pri:0, instance:Module1_Login_Test.SwagLabLoginTest@33308786]" started-at="2025-02-12T01:35:51 EST" name="captureResults" finished-at="2025-02-12T01:35:52 EST" duration-ms="726" status="PASS">
          <params>
            <param index="0">
              <value>
                <![CDATA[[TestResult name=TestLogin status=SUCCESS method=SwagLabLoginTest.TestLogin()[pri:0, instance:Module1_Login_Test.SwagLabLoginTest@33308786] output={null}]]]>
              </value>
            </param>
          </params>
          <reporter-output>
          </reporter-output>
        </test-method> <!-- captureResults -->
        <test-method is-config="true" signature="closeBrowser()[pri:0, instance:Module1_Login_Test.SwagLabLoginTest@33308786]" started-at="2025-02-12T01:35:52 EST" name="closeBrowser" finished-at="2025-02-12T01:35:54 EST" duration-ms="2208" status="PASS">
          <reporter-output>
          </reporter-output>
        </test-method> <!-- closeBrowser -->
      </class> <!-- Module1_Login_Test.SwagLabLoginTest -->
    </test> <!-- Default test -->
  </suite> <!-- Default suite -->
</testng-results>
